d:\data\github\datastructurezju\hw02\hw02\debug\hw02.pch.codeanalysis
d:\data\github\datastructurezju\hw02\hw02\debug\vc140.pdb
d:\data\github\datastructurezju\hw02\hw02\debug\vc140.idb
d:\data\github\datastructurezju\hw02\hw02\debug\hw02.pch.codeanalysisast
d:\data\github\datastructurezju\hw02\hw02\debug\stdafx.nativecodeanalysis.xml
d:\data\github\datastructurezju\hw02\hw02\debug\stdafx.obj
d:\data\github\datastructurezju\hw02\hw02\debug\hw02.pch
d:\data\github\datastructurezju\hw02\hw02\debug\hw02.obj
d:\data\github\datastructurezju\hw02\debug\hw02.ilk
d:\data\github\datastructurezju\hw02\debug\hw02.exe
d:\data\github\datastructurezju\hw02\debug\hw02.pdb
c:\data\github\datastructurezju\hw02\hw02\debug\hw02.obj
c:\data\github\datastructurezju\hw02\hw02\debug\stdafx.obj
c:\data\github\datastructurezju\hw02\hw02\debug\hw02.pch
c:\data\github\datastructurezju\hw02\hw02\debug\vc140.idb
c:\data\github\datastructurezju\hw02\hw02\debug\vc140.pdb
c:\data\github\datastructurezju\hw02\hw02\debug\stdafx.nativecodeanalysis.xml
c:\data\github\datastructurezju\hw02\debug\hw02.pdb
c:\data\github\datastructurezju\hw02\debug\hw02.exe
c:\data\github\datastructurezju\hw02\debug\hw02.ilk
c:\data\github\datastructurezju\hw02\hw02\debug\hw02.tlog\cl.command.1.tlog
c:\data\github\datastructurezju\hw02\hw02\debug\hw02.tlog\cl.read.1.tlog
c:\data\github\datastructurezju\hw02\hw02\debug\hw02.tlog\cl.write.1.tlog
c:\data\github\datastructurezju\hw02\hw02\debug\hw02.tlog\link.command.1.tlog
c:\data\github\datastructurezju\hw02\hw02\debug\hw02.tlog\link.read.1.tlog
c:\data\github\datastructurezju\hw02\hw02\debug\hw02.tlog\link.write.1.tlog
